[2025-10-25 00:19:28.255] ERROR: Password not configured - you MUST edit emailer.ini and change 'yourpassword' to your actual password
[2025-10-25 00:53:14.913] ERROR: Password not configured - you MUST edit emailer.ini and change 'yourpassword' to your actual password
[2025-10-25 01:02:53.011] ERROR: Password not configured - you MUST edit emailer.ini and change 'yourpassword' to your actual password
[2025-10-25 01:05:08.713] DEBUG MODE
[2025-10-25 01:05:08.752] Using plain text password (no encryption detected)
[2025-10-25 01:05:09.234] Password encrypted successfully in INI file
[2025-10-25 01:05:09.236] SMTP-ok: mail.rgs.ru:587 SSL:True rgsmain\mskazakov Pass:plain | maksim_kazakov@rgs.ru -> maksim_kazakov@rgs.ru | Subject: <null> | Body: <null>
[2025-10-25 01:07:49.431] DEBUG MODE
[2025-10-25 01:07:49.470] Using plain text password (no encryption detected)
[2025-10-25 01:07:49.913] Password encrypted successfully in INI file
[2025-10-25 01:07:49.920] SMTP-ok: mail.rgs.ru:587 SSL:True rgsmain\mskazakov Pass:plain | maksim_kazakov@rgs.ru -> maksim_kazakov@rgs.ru | Subject: <null> | Body: <null>
[2025-10-25 01:18:34.390] Using plain text password (no encryption detected)
[2025-10-25 01:18:35.169] Password encrypted successfully in INI file
[2025-10-25 01:18:35.171] SMTP-ok: mail.rgs.ru:587 SSL:True rgsmain\mskazakov Pass:plain | maksim_kazakov@rgs.ru -> maksim_kazakov@rgs.ru | Subject: <null> | Body: <null>
[2025-10-25 01:18:42.479] DEBUG MODE
[2025-10-25 01:18:42.515] Using plain text password (no encryption detected)
[2025-10-25 01:18:42.964] Password encrypted successfully in INI file
[2025-10-25 01:18:42.965] SMTP-ok: mail.rgs.ru:587 SSL:True rgsmain\mskazakov Pass:plain | maksim_kazakov@rgs.ru -> maksim_kazakov@rgs.ru | Subject: <null> | Body: <null>
[2025-10-25 01:19:02.729] DEBUG MODE
[2025-10-25 01:19:02.767] Using plain text password (no encryption detected)
[2025-10-25 01:19:03.187] Password encrypted successfully in INI file
[2025-10-25 01:19:03.189] SMTP-ok: mail.rgs.ru:587 SSL:True rgsmain\mskazakov Pass:plain | maksim_kazakov@rgs.ru -> maksim_kazakov@rgs.ru | Subject: <null> | Body: <null>
[2025-10-25 01:20:53.611] DEBUG MODE
[2025-10-25 01:20:53.648] Using plain text password (no encryption detected)
[2025-10-25 01:20:54.099] Password encrypted successfully in INI file
[2025-10-25 01:20:54.101] SMTP-ok: mail.rgs.ru:587 SSL:True rgsmain\mskazakov Pass:plain | maksim_kazakov@rgs.ru -> maksim_kazakov@rgs.ru | Subject: <null> | Body: <null>
[2025-10-25 01:31:53.810] Password encrypted and saved to INI file after successful SMTP authentication
[2025-10-25 01:31:53.816] SMTP-ok: mail.rgs.ru:587 SSL:True rgsmain\mskazakov Pass:encrypted | maksim_kazakov@rgs.ru -> maksim_kazakov@rgs.ru | Subject: <null> | Body: <null>
[2025-10-25 01:32:12.630] DEBUG MODE
[2025-10-25 01:32:13.164] Password encrypted and saved to INI file after successful SMTP authentication
[2025-10-25 01:32:13.169] SMTP-ok: mail.rgs.ru:587 SSL:True rgsmain\mskazakov Pass:encrypted | maksim_kazakov@rgs.ru -> maksim_kazakov@rgs.ru | Subject: <null> | Body: <null>
[2025-10-25 01:33:31.398] Password encrypted and saved to INI file after successful SMTP authentication
[2025-10-25 01:33:31.403] SMTP-ok: mail.rgs.ru:587 SSL:True rgsmain\mskazakov Pass:encrypted | maksim_kazakov@rgs.ru -> maksim_kazakov@rgs.ru | Subject: <null> | Body: <null>
[2025-10-25 01:48:20.155] Password successfully encrypted and saved to INI file
[2025-10-25 01:48:20.172] SMTP-ok: mail.rgs.ru:587 SSL:True rgsmain\mskazakov Pass:encrypted | maksim_kazakov@rgs.ru -> maksim_kazakov@rgs.ru | Subject: <null> | Body: <null>
[2025-10-25 01:48:41.792] DEBUG MODE
[2025-10-25 01:48:42.253] Password successfully encrypted and saved to INI file
[2025-10-25 01:48:42.255] SMTP-ok: mail.rgs.ru:587 SSL:True rgsmain\mskazakov Pass:encrypted | maksim_kazakov@rgs.ru -> maksim_kazakov@rgs.ru | Subject: <null> | Body: <null>
[2025-10-25 01:50:07.014] DEBUG MODE
[2025-10-25 01:50:07.511] Password successfully encrypted and saved to INI file
[2025-10-25 01:50:07.514] SMTP-ok: mail.rgs.ru:587 SSL:True rgsmain\mskazakov Pass:encrypted | maksim_kazakov@rgs.ru -> maksim_kazakov@rgs.ru | Subject: <null> | Body: <null>
[2025-10-25 01:57:28.177] Password successfully encrypted and saved to INI file
[2025-10-25 01:57:28.194] SMTP-ok: mail.rgs.ru:587 SSL:True rgsmain\mskazakov Pass:encrypted | maksim_kazakov@rgs.ru -> maksim_kazakov@rgs.ru | Subject: <null> | Body: <null>
[2025-10-25 01:57:54.757] Password successfully encrypted and saved to INI file
[2025-10-25 01:57:54.771] SMTP-ok: mail.rgs.ru:587 SSL:True rgsmain\mskazakov Pass:encrypted | maksim_kazakov@rgs.ru -> maksim_kazakov@rgs.ru | Subject: <null> | Body: <null>
[2025-10-25 02:00:25.472] DEBUG MODE
[2025-10-25 02:00:26.445] Password successfully encrypted and saved to INI file
[2025-10-25 02:00:26.448] SMTP-ok: mail.rgs.ru:587 SSL:True rgsmain\mskazakov Pass:encrypted | maksim_kazakov@rgs.ru -> maksim_kazakov@rgs.ru | Subject: <null> | Body: <null>
[2025-10-25 02:01:45.200] DEBUG MODE
[2025-10-25 02:01:45.657] Password successfully encrypted and saved to INI file
[2025-10-25 02:01:45.660] SMTP-ok: mail.rgs.ru:587 SSL:True rgsmain\mskazakov Pass:encrypted | maksim_kazakov@rgs.ru -> maksim_kazakov@rgs.ru | Subject: <null> | Body: <null>
[2025-10-25 02:03:58.103] DEBUG MODE
[2025-10-25 02:03:58.574] Password successfully encrypted and saved to INI file
[2025-10-25 02:03:58.577] SMTP-ok: mail.rgs.ru:587 SSL:True rgsmain\mskazakov Pass:encrypted | maksim_kazakov@rgs.ru -> maksim_kazakov@rgs.ru | Subject: <null> | Body: <null>
[2025-10-25 02:04:37.186] DEBUG MODE
[2025-10-25 02:04:37.629] Password successfully encrypted and saved to INI file
[2025-10-25 02:04:37.631] SMTP-ok: mail.rgs.ru:587 SSL:True rgsmain\mskazakov Pass:encrypted | maksim_kazakov@rgs.ru -> maksim_kazakov@rgs.ru | Subject: <null> | Body: <null>
[2025-10-25 02:14:59.900] Password successfully encrypted and saved to INI file
[2025-10-25 02:14:59.917] SMTP-ok: mail.rgs.ru:587 SSL:True rgsmain\mskazakov Pass:encrypted | maksim_kazakov@rgs.ru -> maksim_kazakov@rgs.ru | Subject: <null> | Body: <null>
[2025-10-25 02:16:01.720] DEBUG MODE
[2025-10-25 02:16:02.165] Password successfully encrypted and saved to INI file
[2025-10-25 02:16:02.168] SMTP-ok: mail.rgs.ru:587 SSL:True rgsmain\mskazakov Pass:encrypted | maksim_kazakov@rgs.ru -> maksim_kazakov@rgs.ru | Subject: <null> | Body: <null>
[2025-10-25 02:16:38.406] DEBUG MODE
[2025-10-25 02:16:38.458] Password decrypted successfully for SMTP authentication
[2025-10-25 02:16:38.835] SMTP-ok: mail.rgs.ru:587 SSL:True rgsmain\mskazakov Pass:encrypted | maksim_kazakov@rgs.ru -> maksim_kazakov@rgs.ru | Subject: <null> | Body: <null>
[2025-10-25 02:21:02.586] DEBUG MODE
[2025-10-25 02:21:03.181] Password successfully encrypted and saved to INI file
[2025-10-25 02:21:03.184] SMTP-ok: mail.rgs.ru:587 SSL:True rgsmain\mskazakov Pass:encrypted | maksim_kazakov@rgs.ru -> maksim_kazakov@rgs.ru | Subject: <null> | Body: <null>
[2025-10-25 02:22:08.254] DEBUG MODE
[2025-10-25 02:22:08.309] Password decrypted successfully for SMTP authentication
[2025-10-25 02:22:08.744] SMTP-ok: mail.rgs.ru:587 SSL:True rgsmain\mskazakov Pass:encrypted | maksim_kazakov@rgs.ru -> maksim_kazakov@rgs.ru | Subject: <null> | Body: <null>
[2025-10-25 02:34:57.119] -[INFO] Password decrypted successfully for SMTP authentication
[2025-10-25 02:34:57.684] -[INFO] SMTP-ok: mail.rgs.ru:587 SSL:True rgsmain\mskazakov Pass:encrypted | maksim_kazakov@rgs.ru -> maksim_kazakov@rgs.ru | Subject: <null> | Body: <null>
[2025-10-25 02:37:58.870] -[INFO] Password decrypted successfully for SMTP authentication
[2025-10-25 02:37:59.492] -[INFO] SMTP-ok: mail.rgs.ru:587 SSL:True rgsmain\mskazakov Pass:encrypted | maksim_kazakov@rgs.ru -> maksim_kazakov@rgs.ru | Subject: <null> | Body: <null>
[2025-10-25 02:39:15.140] -[INFO] DEBUG MODE
[2025-10-25 02:39:15.193] -[INFO] Password decrypted successfully for SMTP authentication
[2025-10-25 02:39:15.614] -[INFO] SMTP-ok: mail.rgs.ru:587 SSL:True rgsmain\mskazakov Pass:encrypted | maksim_kazakov@rgs.ru -> maksim_kazakov@rgs.ru | Subject: <null> | Body: <null>
[2025-10-25 03:01:15.591] [INFO] Password decrypted successfully for SMTP authentication
[2025-10-25 03:01:16.230] [INFO] SMTP-ok: mail.rgs.ru:587 SSL:True rgsmain\mskazakov Pass:encrypted | maksim_kazakov@rgs.ru -> maksim_kazakov@rgs.ru | Subject: <null> | Body: <null>
[2025-10-25 03:01:46.113] [DEBUG MODE] 077_61100_002, 2025-10-25 03:01:46.128, C:\Users\MSKazakov\source\smtp3\emailer\bin\Debug\net8.0\
[2025-10-25 03:01:46.169] [INFO] Password decrypted successfully for SMTP authentication
[2025-10-25 03:01:46.684] [INFO] SMTP-ok: mail.rgs.ru:587 SSL:True rgsmain\mskazakov Pass:encrypted | maksim_kazakov@rgs.ru -> maksim_kazakov@rgs.ru | Subject: <null> | Body: <null>
[2025-10-25 03:02:46.482] [DEBUG MODE] 077_61100_002, 2025-10-25 03:02:46.498, C:\Users\MSKazakov\source\smtp3\emailer\bin\Debug\net8.0\
[2025-10-25 03:02:56.784] [ERROR] ERROR: SMTP AUTHENTICATION ERROR - Invalid password
[2025-10-25 03:02:56.785] [DEBUG] EXCEPTION TYPE: System.Net.Mail.SmtpException
[2025-10-25 03:02:56.786] [DEBUG] MESSAGE: The SMTP server requires a secure connection or the client was not authenticated. The server response was: 5.7.57 SMTP; Client was not authenticated to send anonymous mail during MAIL FROM
[2025-10-25 03:02:56.823] [DEBUG] STACK TRACE:    at System.Net.Mail.MailCommand.CheckResponse(SmtpStatusCode statusCode, String response)
   at System.Net.Mail.SmtpTransport.SendMail(MailAddress sender, MailAddressCollection recipients, String deliveryNotify, Boolean allowUnicode, SmtpFailedRecipientException& exception)
   at System.Net.Mail.SmtpClient.Send(MailMessage message)
   at emailer.Emailer.SendEmail() in C:\Users\MSKazakov\source\smtp3\emailer\Program.cs:line 1155
[2025-10-25 03:02:56.828] [DEBUG] SMTP STATUS CODE: MustIssueStartTlsFirst
[2025-10-25 03:13:40.456] [INFO] Password decrypted successfully for SMTP authentication
[2025-10-25 03:13:40.915] [INFO] SMTP-ok: mail.rgs.ru:587 SSL:True rgsmain\mskazakov Pass:encrypted | maksim_kazakov@rgs.ru -> maksim_kazakov@rgs.ru | Subject: Alert from {host} | Body: Event occurred at {timestamp}
[2025-10-25 03:25:59.904] [INFO] Password decrypted successfully for SMTP authentication
[2025-10-25 03:26:00.558] [INFO] SMTP-ok: mail.rgs.ru:587 SSL:True rgsmain\mskazakov Pass:encrypted | maksim_kazakov@rgs.ru -> maksim_kazakov@rgs.ru | Subject: <null> | Body: <null>
[2025-10-25 03:27:40.866] [INFO] Password decrypted successfully for SMTP authentication
[2025-10-25 03:27:41.395] [INFO] SMTP-ok: mail.rgs.ru:587 SSL:True rgsmain\mskazakov Pass:encrypted | maksim_kazakov@rgs.ru -> maksim_kazakov@rgs.ru | Subject: Alert from {host} | Body: Event occurred at {timestamp}
[2025-10-25 03:38:07.517] [INFO] Password decrypted successfully for SMTP authentication
[2025-10-25 03:38:08.401] [INFO] SMTP-ok: mail.rgs.ru:587 SSL:True rgsmain\mskazakov Pass:encrypted | maksim_kazakov@rgs.ru -> maksim_kazakov@rgs.ru | Subject: <null> | Body: <null>
[2025-10-25 03:47:20.975] [DEBUG MODE] 077_61100_002 | 2025-10-25 03:47:20.991 | C:\Users\MSKazakov\source\smtp3\emailer\bin\Debug\net8.0\
[2025-10-25 03:47:21.036] [INFO] Password decrypted successfully for SMTP authentication
[2025-10-25 03:47:21.509] [INFO] SMTP-ok: mail.rgs.ru:587 SSL:True rgsmain\mskazakov Pass:encrypted | maksim_kazakov@rgs.ru -> maksim_kazakov@rgs.ru | Subject: <null> | Body: <null>
[2025-10-25 03:59:37.560] [INFO] Password decrypted successfully for SMTP authentication
[2025-10-25 03:59:38.174] [INFO] SMTP-ok: mail.rgs.ru:587 SSL:True rgsmain\mskazakov Pass:encrypted | maksim_kazakov@rgs.ru -> maksim_kazakov@rgs.ru | Subject: <null> | Body: <null>
[2025-10-25 04:01:21.460] [INFO] Password decrypted successfully for SMTP authentication
[2025-10-25 04:02:33.619] [INFO] Password decrypted successfully for SMTP authentication
[2025-10-25 04:03:02.194] [INFO] Password decrypted successfully for SMTP authentication
[2025-10-25 04:03:02.759] [INFO] SMTP-ok: mail.rgs.ru:587 SSL:True rgsmain\mskazakov Pass:encrypted | maksim_kazakov@rgs.ru -> maksim_kazakov@rgs.ru | Subject: Log file from {host} | Body: Generated at {timestamp}
[2025-10-25 04:03:14.577] [INFO] Password decrypted successfully for SMTP authentication
[2025-10-25 04:03:15.155] [INFO] SMTP-ok: mail.rgs.ru:587 SSL:True rgsmain\mskazakov Pass:encrypted | maksim_kazakov@rgs.ru -> maksim_kazakov@rgs.ru | Subject: Log file from {host} | Body: Generated at {timestamp}
[2025-10-25 04:03:26.874] [INFO] Password decrypted successfully for SMTP authentication
[2025-10-25 04:06:42.388] [INFO] Password decrypted successfully for SMTP authentication
[2025-10-25 04:06:42.430] [INFO] Attachment added: C:\Users\MSKazakov\source\smtp3\emailer\bin\Debug\net8.0\emailer.pdb (18824 bytes)
[2025-10-25 04:06:42.954] [INFO] SMTP-ok: mail.rgs.ru:587 SSL:True rgsmain\mskazakov Pass:encrypted | maksim_kazakov@rgs.ru -> maksim_kazakov@rgs.ru | Subject: Log file from {host} | Body: Generated at {timestamp} | Attachment: emailer.pdb
[2025-10-25 04:07:59.005] [INFO] Password decrypted successfully for SMTP authentication
[2025-10-25 04:10:31.068] [INFO] Password decrypted successfully for SMTP authentication
[2025-10-25 04:10:31.105] [ERROR] Attachment file not found: C:\Users\MSKazakov\source\smtp3\emailer\bin\Debug\net8.0\emailer.*
[2025-10-25 04:10:31.519] [INFO] SMTP-ok: mail.rgs.ru:587 SSL:True rgsmain\mskazakov Pass:encrypted | maksim_kazakov@rgs.ru -> maksim_kazakov@rgs.ru | Subject: Log file from {host} | Body: Generated at {timestamp} | Attachment: emailer.*
[2025-10-25 04:10:55.739] [INFO] Password decrypted successfully for SMTP authentication
[2025-10-25 04:10:55.781] [INFO] Attachment added: C:\Users\MSKazakov\source\smtp3\emailer\bin\Debug\net8.0\emailer.exe (151552 bytes)
[2025-10-25 04:10:56.259] [INFO] SMTP-ok: mail.rgs.ru:587 SSL:True rgsmain\mskazakov Pass:encrypted | maksim_kazakov@rgs.ru -> maksim_kazakov@rgs.ru | Subject: Log file from {host} | Body: Generated at {timestamp} | Attachment: emailer.exe
[2025-10-25 04:27:03.521] [INFO] Password decrypted successfully for SMTP authentication
[2025-10-25 04:29:57.316] [INFO] Password decrypted successfully for SMTP authentication
[2025-10-25 04:54:53.425] [INFO] Password encryption command executed - encrypted 5 characters safely
[2025-10-25 04:55:09.945] [INFO] Password encryption command executed - encrypted 5 characters safely
[2025-10-25 04:55:22.911] [INFO] Password encryption command executed - encrypted 7 characters safely
[2025-10-25 04:56:42.652] [INFO] Password decrypted successfully for SMTP authentication
[2025-10-25 04:56:43.462] [INFO] SMTP-ok: mail.rgs.ru:587 SSL:True rgsmain\mskazakov Pass:encrypted | maksim_kazakov@rgs.ru -> maksim_kazakov@rgs.ru | Subject: <null> | Body: <null>
[2025-10-25 04:57:42.730] [INFO] Password decrypted successfully for SMTP authentication
[2025-10-25 04:57:54.730] [INFO] Password decrypted successfully for SMTP authentication
[2025-10-25 04:58:05.960] [INFO] Password decrypted successfully for SMTP authentication
[2025-10-25 05:12:25.750] [DEBUG MODE] 077_61100_002 | 2025-10-25 05:12:25.764 | C:\Users\MSKazakov\source\smtp3\emailer\bin\Debug\net8.0\
[2025-10-25 05:12:25.802] [INFO] Password decrypted successfully for SMTP authentication
[2025-10-25 05:22:03.226] [INFO] Password decrypted successfully for SMTP authentication
[2025-10-25 05:22:03.879] [INFO] SMTP-ok: mail.rgs.ru:587 SSL:True rgsmain\mskazakov Pass:encrypted | maksim_kazakov@rgs.ru -> maksim_kazakov@rgs.ru | Subject: <null> | Body: <null>
[2025-10-25 05:23:01.726] [DEBUG MODE] 077_61100_002 | 2025-10-25 05:23:01.740 | C:\Users\MSKazakov\source\smtp3\emailer\bin\Debug\net8.0\
[2025-10-25 05:23:01.778] [INFO] Password decrypted successfully for SMTP authentication
[2025-10-25 05:23:32.711] [DEBUG MODE] 077_61100_002 | 2025-10-25 05:23:32.725 | C:\Users\MSKazakov\source\smtp3\emailer\bin\Debug\net8.0\
[2025-10-25 05:23:32.762] [INFO] Password decrypted successfully for SMTP authentication
[2025-10-25 05:23:32.793] [INFO] Attachment added: C:\Users\MSKazakov\source\smtp3\emailer\bin\Debug\net8.0\emailer.pdb (20380 bytes)
[2025-10-25 05:23:33.167] [INFO] SMTP-ok: mail.rgs.ru:587 SSL:True rgsmain\mskazakov Pass:encrypted | maksim_kazakov@rgs.ru -> maksim_kazakov@rgs.ru | Subject: Log file from {host} | Body: Generated at {timestamp} | Attachment: emailer.pdb
